C:\Program Files (x86)\MSBuild\Microsoft.Cpp\v4.0\V120\Microsoft.CppBuild.targets(364,5): warning MSB8004: Output Directory does not end with a trailing slash.  This build instance will add the slash as it is required to allow proper evaluation of the Output Directory.
  main.cpp
  AGE_COMPILER = AGE_COMPILER_MSVC
  AGE_TARGET_PLATFORM = AGE_PLATFORM_WIN32
  AGE_ARCH_TYPE = AGE_ARCHITECTURE_32
E:\8-5New\ETC_Depot\age_of_cube\cube\Cube_Native_Experiment\engine\core/core/ObjectFactory.h(37): warning C4251: 'AGE::ObjectFactory::m_metaInfoMap' : class 'std::map<AGE::FixedString,const AGE::MetaInfo *,std::less<_Kty>,std::allocator<std::pair<const _Kty,_Ty>>>' needs to have dll-interface to be used by clients of class 'AGE::ObjectFactory'
          with
          [
              _Kty=AGE::FixedString
  ,            _Ty=const AGE::MetaInfo *
          ]
E:\8-5New\ETC_Depot\age_of_cube\cube\Cube_Native_Experiment\engine\core/core/ObjectFactory.h(38): warning C4251: 'AGE::ObjectFactory::m_serializeNameMap' : class 'std::map<AGE::FixedString,AGE::FixedString,std::less<_Kty>,std::allocator<std::pair<const _Kty,_Ty>>>' needs to have dll-interface to be used by clients of class 'AGE::ObjectFactory'
          with
          [
              _Kty=AGE::FixedString
  ,            _Ty=AGE::FixedString
          ]
E:\8-5New\ETC_Depot\age_of_cube\cube\Cube_Native_Experiment\engine\core/core/MetaInfo.h(391): warning C4251: 'AGE::MetaInfo::CustomCreateObject' : class 'AGE::Delegate<AGE::RefObject *(const AGE::FixedString &)>' needs to have dll-interface to be used by clients of class 'AGE::MetaInfo'
E:\8-5New\ETC_Depot\age_of_cube\cube\Cube_Native_Experiment\engine\core/core/MetaInfo.h(502): warning C4251: 'AGE::BaseProperty::m_reflectionSettings' : struct 'AGE::BaseProperty::ReflectionSettings' needs to have dll-interface to be used by clients of class 'AGE::BaseProperty'
          E:\8-5New\ETC_Depot\age_of_cube\cube\Cube_Native_Experiment\engine\core/core/MetaInfo.h(468) : see declaration of 'AGE::BaseProperty::ReflectionSettings'
E:\8-5New\ETC_Depot\age_of_cube\cube\Cube_Native_Experiment\engine\core/detail/StructProperty.h(15): warning C4251: 'AGE::StructProperty::m_fixedStringPropMap' : class 'std::map<AGE::FixedString,AGE::BaseProperty *,std::less<_Kty>,std::allocator<std::pair<const _Kty,_Ty>>>' needs to have dll-interface to be used by clients of class 'AGE::StructProperty'
          with
          [
              _Kty=AGE::FixedString
  ,            _Ty=AGE::BaseProperty *
          ]
E:\8-5New\ETC_Depot\age_of_cube\cube\Cube_Native_Experiment\engine\core/detail/StructProperty.h(17): warning C4251: 'AGE::StructProperty::m_stdStringPropMap' : class 'std::map<std::string,AGE::BaseProperty *,std::less<_Kty>,std::allocator<std::pair<const _Kty,_Ty>>>' needs to have dll-interface to be used by clients of class 'AGE::StructProperty'
          with
          [
              _Kty=std::string
  ,            _Ty=AGE::BaseProperty *
          ]
E:\8-5New\ETC_Depot\age_of_cube\cube\Cube_Native_Experiment\engine\core/detail/StructProperty.h(19): warning C4251: 'AGE::StructProperty::m_propList' : class 'std::vector<AGE::BaseProperty *,std::allocator<_Ty>>' needs to have dll-interface to be used by clients of class 'AGE::StructProperty'
          with
          [
              _Ty=AGE::BaseProperty *
          ]
E:\8-5New\ETC_Depot\age_of_cube\cube\Cube_Native_Experiment\engine\core/detail/EnumProperty.h(8): warning C4251: 'AGE::EnumTemplate::m_enumMap' : class 'std::vector<std::pair<std::string,int>,std::allocator<_Ty>>' needs to have dll-interface to be used by clients of class 'AGE::EnumTemplate'
          with
          [
              _Ty=std::pair<std::string,int>
          ]
E:\8-5New\ETC_Depot\age_of_cube\cube\Cube_Native_Experiment\engine\core/detail/EnumProperty.h(89): warning C4251: 'AGE::EnumTemplateManager::m_templateMap' : class 'std::map<AGE::FixedString,AGE::EnumTemplate *,std::less<_Kty>,std::allocator<std::pair<const _Kty,_Ty>>>' needs to have dll-interface to be used by clients of class 'AGE::EnumTemplateManager'
          with
          [
              _Kty=AGE::FixedString
  ,            _Ty=AGE::EnumTemplate *
          ]
E:\8-5New\ETC_Depot\age_of_cube\cube\Cube_Native_Experiment\engine\core/math/Transform.h(37): warning C4251: 'AGE::Transform::m_children' : class 'std::set<AGE::Transform *,std::less<_Kty>,std::allocator<_Kty>>' needs to have dll-interface to be used by clients of class 'AGE::Transform'
          with
          [
              _Kty=AGE::Transform *
          ]
e:\8-5new\etc_depot\age_of_cube\cube\cube_native_experiment\sample\mapviewer\Componenets/Mesh.h(30): warning C4244: '=' : conversion from 'float' to 'GLubyte', possible loss of data
e:\8-5new\etc_depot\age_of_cube\cube\cube_native_experiment\sample\mapviewer\Componenets/Mesh.h(31): warning C4244: '=' : conversion from 'float' to 'GLubyte', possible loss of data
e:\8-5new\etc_depot\age_of_cube\cube\cube_native_experiment\sample\mapviewer\Componenets/Mesh.h(32): warning C4244: '=' : conversion from 'float' to 'GLubyte', possible loss of data
e:\8-5new\etc_depot\age_of_cube\cube\cube_native_experiment\sample\mapviewer\Componenets/Mesh.h(33): warning C4244: '=' : conversion from 'float' to 'GLubyte', possible loss of data
e:\8-5new\etc_depot\age_of_cube\cube\cube_native_experiment\sample\mapviewer\Componenets/Mesh.h(47): warning C4244: '=' : conversion from 'float' to 'GLubyte', possible loss of data
e:\8-5new\etc_depot\age_of_cube\cube\cube_native_experiment\sample\mapviewer\Componenets/Mesh.h(48): warning C4244: '=' : conversion from 'float' to 'GLubyte', possible loss of data
e:\8-5new\etc_depot\age_of_cube\cube\cube_native_experiment\sample\mapviewer\Componenets/Mesh.h(49): warning C4244: '=' : conversion from 'float' to 'GLubyte', possible loss of data
e:\8-5new\etc_depot\age_of_cube\cube\cube_native_experiment\sample\mapviewer\Componenets/Mesh.h(50): warning C4244: '=' : conversion from 'float' to 'GLubyte', possible loss of data
e:\8-5new\etc_depot\age_of_cube\cube\cube_native_experiment\sample\mapviewer\Componenets/Mesh.h(64): warning C4244: '=' : conversion from 'float' to 'GLubyte', possible loss of data
e:\8-5new\etc_depot\age_of_cube\cube\cube_native_experiment\sample\mapviewer\Componenets/Mesh.h(65): warning C4244: '=' : conversion from 'float' to 'GLubyte', possible loss of data
e:\8-5new\etc_depot\age_of_cube\cube\cube_native_experiment\sample\mapviewer\Componenets/Mesh.h(66): warning C4244: '=' : conversion from 'float' to 'GLubyte', possible loss of data
e:\8-5new\etc_depot\age_of_cube\cube\cube_native_experiment\sample\mapviewer\Componenets/Mesh.h(67): warning C4244: '=' : conversion from 'float' to 'GLubyte', possible loss of data
e:\8-5new\etc_depot\age_of_cube\cube\cube_native_experiment\sample\mapviewer\Componenets/Mesh.h(68): warning C4244: '=' : conversion from 'float' to 'GLubyte', possible loss of data
e:\8-5new\etc_depot\age_of_cube\cube\cube_native_experiment\sample\mapviewer\Componenets/Mesh.h(69): warning C4244: '=' : conversion from 'float' to 'GLubyte', possible loss of data
e:\8-5new\etc_depot\age_of_cube\cube\cube_native_experiment\sample\mapviewer\Componenets/Mesh.h(70): warning C4244: '=' : conversion from 'float' to 'GLubyte', possible loss of data
e:\8-5new\etc_depot\age_of_cube\cube\cube_native_experiment\sample\mapviewer\Componenets/Mesh.h(71): warning C4244: '=' : conversion from 'float' to 'GLubyte', possible loss of data
C:\Program Files (x86)\Windows Kits\8.1\Include\shared\minwindef.h(130): warning C4005: 'APIENTRY' : macro redefinition
          E:\8-5New\ETC_Depot\age_of_cube\cube\Cube_Native_Experiment\sample\MapViewer\Includes\GLFW\glfw3.h(85) : see previous definition of 'APIENTRY'
main.cpp(87): warning C4244: '=' : conversion from 'double' to 'float', possible loss of data
main.cpp(433): warning C4018: '<' : signed/unsigned mismatch
main.cpp(446): warning C4018: '<' : signed/unsigned mismatch
main.cpp(580): warning C4018: '<' : signed/unsigned mismatch
main.cpp(582): warning C4018: '<' : signed/unsigned mismatch
main.cpp(584): warning C4018: '<' : signed/unsigned mismatch
main.cpp(586): warning C4018: '<' : signed/unsigned mismatch
main.cpp(740): warning C4018: '<' : signed/unsigned mismatch
  Generating code
  Finished generating code
  MapViewer.vcxproj -> E:\8-5New\ETC_Depot\age_of_cube\cube\Cube_Native_Experiment\build\age_of_cube\solution\Release\..\..\..\..\..\Cube_Project_New\UnityProject\MapViewer.exe
