e:\8-5new\etc_depot\age_of_cube\cube\cube_native_experiment\sample\mapviewer\release\wintiming.obj
e:\8-5new\etc_depot\age_of_cube\cube\cube_native_experiment\sample\mapviewer\release\strangetree.obj
e:\8-5new\etc_depot\age_of_cube\cube\cube_native_experiment\sample\mapviewer\release\randomgenerator.obj
e:\8-5new\etc_depot\age_of_cube\cube\cube_native_experiment\sample\mapviewer\release\perlin.obj
e:\8-5new\etc_depot\age_of_cube\cube\cube_native_experiment\sample\mapviewer\release\main.obj
e:\8-5new\etc_depot\age_of_cube\cube\cube_native_experiment\sample\mapviewer\release\fractalnoise.obj
e:\8-5new\etc_depot\age_of_cube\cube\cube_native_experiment\sample\mapviewer\release\texture.obj
e:\8-5new\etc_depot\age_of_cube\cube\cube_native_experiment\sample\mapviewer\release\meshpoints.obj
e:\8-5new\etc_depot\age_of_cube\cube\cube_native_experiment\sample\mapviewer\release\mesh.obj
e:\8-5new\etc_depot\age_of_cube\cube\cube_native_experiment\sample\mapviewer\release\material.obj
e:\8-5new\etc_depot\age_of_cube\cube\cube_native_experiment\sample\mapviewer\release\camera.obj
e:\8-5new\etc_depot\age_of_cube\cube\cube_project_new\unityproject\mapviewer.exe
e:\8-5new\etc_depot\age_of_cube\cube\cube_project_new\unityproject\mapviewer.pdb
e:\8-5new\etc_depot\age_of_cube\cube\cube_native_experiment\sample\mapviewer\release\stb_image.obj
e:\8-5new\etc_depot\age_of_cube\cube\cube_native_experiment\build\age_of_cube\solution\release\..\..\..\..\..\cube_project_new\unityproject\mapviewer.pdb
e:\8-5new\etc_depot\age_of_cube\cube\cube_native_experiment\build\age_of_cube\solution\release\..\..\..\..\..\cube_project_new\unityproject\mapviewer.exe
e:\8-5new\etc_depot\age_of_cube\cube\cube_native_experiment\sample\mapviewer\release\mapviewer.tlog\cl.command.1.tlog
e:\8-5new\etc_depot\age_of_cube\cube\cube_native_experiment\sample\mapviewer\release\mapviewer.tlog\cl.read.1.tlog
e:\8-5new\etc_depot\age_of_cube\cube\cube_native_experiment\sample\mapviewer\release\mapviewer.tlog\cl.write.1.tlog
e:\8-5new\etc_depot\age_of_cube\cube\cube_native_experiment\sample\mapviewer\release\mapviewer.tlog\link.command.1.tlog
e:\8-5new\etc_depot\age_of_cube\cube\cube_native_experiment\sample\mapviewer\release\mapviewer.tlog\link.read.1.tlog
e:\8-5new\etc_depot\age_of_cube\cube\cube_native_experiment\sample\mapviewer\release\mapviewer.tlog\link.write.1.tlog
