e:\8-5new\etc_depot\age_of_cube\cube\cube_native_experiment\sample\mapviewer\debug\vc120.pdb
e:\8-5new\etc_depot\age_of_cube\cube\cube_native_experiment\sample\mapviewer\debug\vc120.idb
e:\8-5new\etc_depot\age_of_cube\cube\cube_native_experiment\sample\mapviewer\debug\camera.obj
e:\8-5new\etc_depot\age_of_cube\cube\cube_native_experiment\sample\mapviewer\debug\fractalnoise.obj
e:\8-5new\etc_depot\age_of_cube\cube\cube_native_experiment\sample\mapviewer\debug\main.obj
e:\8-5new\etc_depot\age_of_cube\cube\cube_native_experiment\sample\mapviewer\debug\perlin.obj
e:\8-5new\etc_depot\age_of_cube\cube\cube_native_experiment\sample\mapviewer\debug\randomgenerator.obj
e:\8-5new\etc_depot\age_of_cube\cube\cube_native_experiment\sample\mapviewer\debug\strangetree.obj
e:\8-5new\etc_depot\age_of_cube\cube\cube_native_experiment\sample\mapviewer\debug\wintiming.obj
e:\8-5new\etc_depot\age_of_cube\cube\cube_native_experiment\sample\mapviewer\debug\mesh.obj
e:\8-5new\etc_depot\age_of_cube\cube\cube_native_experiment\sample\mapviewer\debug\meshpoints.obj
e:\8-5new\etc_depot\age_of_cube\cube\cube_native_experiment\sample\mapviewer\debug\material.obj
e:\8-5new\etc_depot\age_of_cube\cube\cube_native_experiment\sample\mapviewer\debug\texture.obj
e:\8-5new\etc_depot\age_of_cube\cube\cube_native_experiment\sample\mapviewer\debug\stb_image.obj
e:\8-5new\etc_depot\age_of_cube\cube\cube_native_experiment\sample\mapviewer\debug\greedymeshing.obj
e:\8-5new\etc_depot\age_of_cube\cube\cube_native_experiment\sample\mapviewer\debug\chunk.obj
e:\8-5new\etc_depot\age_of_cube\cube\cube_native_experiment\sample\mapviewer\debug\world.obj
e:\8-5new\etc_depot\age_of_cube\cube\cube_project_new\unityproject\mapviewer.exe
e:\8-5new\etc_depot\age_of_cube\cube\cube_native_experiment\sample\mapviewer\debug\mapviewer.exe.intermediate.manifest
e:\8-5new\etc_depot\age_of_cube\cube\cube_project_new\unityproject\mapviewer.pdb
e:\8-5new\etc_depot\age_of_cube\cube\cube_project_new\unityproject\mapviewer.exe.manifest
e:\8-5new\etc_depot\age_of_cube\cube\cube_native_experiment\build\age_of_cube\solution\debug\..\..\..\..\..\cube_project_new\unityproject\mapviewer.exe.manifest
e:\8-5new\etc_depot\age_of_cube\cube\cube_native_experiment\build\age_of_cube\solution\debug\..\..\..\..\..\cube_project_new\unityproject\mapviewer.pdb
e:\8-5new\etc_depot\age_of_cube\cube\cube_native_experiment\build\age_of_cube\solution\debug\..\..\..\..\..\cube_project_new\unityproject\mapviewer.exe
e:\8-5new\etc_depot\age_of_cube\cube\cube_native_experiment\sample\mapviewer\debug\mapviewer.tlog\cl.command.1.tlog
e:\8-5new\etc_depot\age_of_cube\cube\cube_native_experiment\sample\mapviewer\debug\mapviewer.tlog\cl.read.1.tlog
e:\8-5new\etc_depot\age_of_cube\cube\cube_native_experiment\sample\mapviewer\debug\mapviewer.tlog\cl.write.1.tlog
e:\8-5new\etc_depot\age_of_cube\cube\cube_native_experiment\sample\mapviewer\debug\mapviewer.tlog\link.command.1.tlog
e:\8-5new\etc_depot\age_of_cube\cube\cube_native_experiment\sample\mapviewer\debug\mapviewer.tlog\link.read.1.tlog
e:\8-5new\etc_depot\age_of_cube\cube\cube_native_experiment\sample\mapviewer\debug\mapviewer.tlog\link.write.1.tlog
e:\8-5new\etc_depot\age_of_cube\cube\cube_native_experiment\sample\mapviewer\debug\mapviewer.tlog\mt.command.1.tlog
e:\8-5new\etc_depot\age_of_cube\cube\cube_native_experiment\sample\mapviewer\debug\mapviewer.tlog\mt.read.1.tlog
e:\8-5new\etc_depot\age_of_cube\cube\cube_native_experiment\sample\mapviewer\debug\mapviewer.tlog\mt.write.1.tlog
