C:\Program Files (x86)\MSBuild\Microsoft.Cpp\v4.0\V120\Microsoft.CppBuild.targets(364,5): warning MSB8004: Output Directory does not end with a trailing slash.  This build instance will add the slash as it is required to allow proper evaluation of the Output Directory.
  World.cpp
e:\8-5new\etc_depot\age_of_cube\cube\cube_native_experiment\sample\mapviewer\game\chunk.h(68): warning C4150: deletion of pointer to incomplete type 'Rendering::Mesh'; no destructor called
          e:\8-5new\etc_depot\age_of_cube\cube\cube_native_experiment\sample\mapviewer\game\chunk.h(36) : see declaration of 'Rendering::Mesh'
  AGE_COMPILER = AGE_COMPILER_MSVC
  AGE_TARGET_PLATFORM = AGE_PLATFORM_WIN32
  AGE_ARCH_TYPE = AGE_ARCHITECTURE_32
e:\8-5new\etc_depot\age_of_cube\cube\cube_native_experiment\engine\core\core\objectfactory.h(37): warning C4251: 'AGE::ObjectFactory::m_metaInfoMap' : class 'std::map<AGE::FixedString,const AGE::MetaInfo *,std::less<_Kty>,std::allocator<std::pair<const _Kty,_Ty>>>' needs to have dll-interface to be used by clients of class 'AGE::ObjectFactory'
          with
          [
              _Kty=AGE::FixedString
  ,            _Ty=const AGE::MetaInfo *
          ]
e:\8-5new\etc_depot\age_of_cube\cube\cube_native_experiment\engine\core\core\objectfactory.h(38): warning C4251: 'AGE::ObjectFactory::m_serializeNameMap' : class 'std::map<AGE::FixedString,AGE::FixedString,std::less<_Kty>,std::allocator<std::pair<const _Kty,_Ty>>>' needs to have dll-interface to be used by clients of class 'AGE::ObjectFactory'
          with
          [
              _Kty=AGE::FixedString
  ,            _Ty=AGE::FixedString
          ]
e:\8-5new\etc_depot\age_of_cube\cube\cube_native_experiment\engine\core\core\metainfo.h(391): warning C4251: 'AGE::MetaInfo::CustomCreateObject' : class 'AGE::Delegate<AGE::RefObject *(const AGE::FixedString &)>' needs to have dll-interface to be used by clients of class 'AGE::MetaInfo'
e:\8-5new\etc_depot\age_of_cube\cube\cube_native_experiment\engine\core\core\metainfo.h(502): warning C4251: 'AGE::BaseProperty::m_reflectionSettings' : struct 'AGE::BaseProperty::ReflectionSettings' needs to have dll-interface to be used by clients of class 'AGE::BaseProperty'
          e:\8-5new\etc_depot\age_of_cube\cube\cube_native_experiment\engine\core\core\metainfo.h(468) : see declaration of 'AGE::BaseProperty::ReflectionSettings'
e:\8-5new\etc_depot\age_of_cube\cube\cube_native_experiment\engine\core\detail\structproperty.h(15): warning C4251: 'AGE::StructProperty::m_fixedStringPropMap' : class 'std::map<AGE::FixedString,AGE::BaseProperty *,std::less<_Kty>,std::allocator<std::pair<const _Kty,_Ty>>>' needs to have dll-interface to be used by clients of class 'AGE::StructProperty'
          with
          [
              _Kty=AGE::FixedString
  ,            _Ty=AGE::BaseProperty *
          ]
e:\8-5new\etc_depot\age_of_cube\cube\cube_native_experiment\engine\core\detail\structproperty.h(17): warning C4251: 'AGE::StructProperty::m_stdStringPropMap' : class 'std::map<std::string,AGE::BaseProperty *,std::less<_Kty>,std::allocator<std::pair<const _Kty,_Ty>>>' needs to have dll-interface to be used by clients of class 'AGE::StructProperty'
          with
          [
              _Kty=std::string
  ,            _Ty=AGE::BaseProperty *
          ]
e:\8-5new\etc_depot\age_of_cube\cube\cube_native_experiment\engine\core\detail\structproperty.h(19): warning C4251: 'AGE::StructProperty::m_propList' : class 'std::vector<AGE::BaseProperty *,std::allocator<_Ty>>' needs to have dll-interface to be used by clients of class 'AGE::StructProperty'
          with
          [
              _Ty=AGE::BaseProperty *
          ]
e:\8-5new\etc_depot\age_of_cube\cube\cube_native_experiment\engine\core\detail\enumproperty.h(8): warning C4251: 'AGE::EnumTemplate::m_enumMap' : class 'std::vector<std::pair<std::string,int>,std::allocator<_Ty>>' needs to have dll-interface to be used by clients of class 'AGE::EnumTemplate'
          with
          [
              _Ty=std::pair<std::string,int>
          ]
e:\8-5new\etc_depot\age_of_cube\cube\cube_native_experiment\engine\core\detail\enumproperty.h(89): warning C4251: 'AGE::EnumTemplateManager::m_templateMap' : class 'std::map<AGE::FixedString,AGE::EnumTemplate *,std::less<_Kty>,std::allocator<std::pair<const _Kty,_Ty>>>' needs to have dll-interface to be used by clients of class 'AGE::EnumTemplateManager'
          with
          [
              _Kty=AGE::FixedString
  ,            _Ty=AGE::EnumTemplate *
          ]
e:\8-5new\etc_depot\age_of_cube\cube\cube_native_experiment\engine\core\math\transform.h(37): warning C4251: 'AGE::Transform::m_children' : class 'std::set<AGE::Transform *,std::less<_Kty>,std::allocator<_Kty>>' needs to have dll-interface to be used by clients of class 'AGE::Transform'
          with
          [
              _Kty=AGE::Transform *
          ]
e:\8-5new\etc_depot\age_of_cube\cube\cube_native_experiment\sample\mapviewer\componenets\mesh.h(37): warning C4244: '=' : conversion from 'float' to 'GLubyte', possible loss of data
e:\8-5new\etc_depot\age_of_cube\cube\cube_native_experiment\sample\mapviewer\componenets\mesh.h(38): warning C4244: '=' : conversion from 'float' to 'GLubyte', possible loss of data
e:\8-5new\etc_depot\age_of_cube\cube\cube_native_experiment\sample\mapviewer\componenets\mesh.h(39): warning C4244: '=' : conversion from 'float' to 'GLubyte', possible loss of data
e:\8-5new\etc_depot\age_of_cube\cube\cube_native_experiment\sample\mapviewer\componenets\mesh.h(40): warning C4244: '=' : conversion from 'float' to 'GLubyte', possible loss of data
e:\8-5new\etc_depot\age_of_cube\cube\cube_native_experiment\sample\mapviewer\componenets\mesh.h(54): warning C4244: '=' : conversion from 'float' to 'GLubyte', possible loss of data
e:\8-5new\etc_depot\age_of_cube\cube\cube_native_experiment\sample\mapviewer\componenets\mesh.h(55): warning C4244: '=' : conversion from 'float' to 'GLubyte', possible loss of data
e:\8-5new\etc_depot\age_of_cube\cube\cube_native_experiment\sample\mapviewer\componenets\mesh.h(56): warning C4244: '=' : conversion from 'float' to 'GLubyte', possible loss of data
e:\8-5new\etc_depot\age_of_cube\cube\cube_native_experiment\sample\mapviewer\componenets\mesh.h(57): warning C4244: '=' : conversion from 'float' to 'GLubyte', possible loss of data
e:\8-5new\etc_depot\age_of_cube\cube\cube_native_experiment\sample\mapviewer\componenets\mesh.h(71): warning C4244: '=' : conversion from 'float' to 'GLubyte', possible loss of data
e:\8-5new\etc_depot\age_of_cube\cube\cube_native_experiment\sample\mapviewer\componenets\mesh.h(72): warning C4244: '=' : conversion from 'float' to 'GLubyte', possible loss of data
e:\8-5new\etc_depot\age_of_cube\cube\cube_native_experiment\sample\mapviewer\componenets\mesh.h(73): warning C4244: '=' : conversion from 'float' to 'GLubyte', possible loss of data
e:\8-5new\etc_depot\age_of_cube\cube\cube_native_experiment\sample\mapviewer\componenets\mesh.h(74): warning C4244: '=' : conversion from 'float' to 'GLubyte', possible loss of data
e:\8-5new\etc_depot\age_of_cube\cube\cube_native_experiment\sample\mapviewer\componenets\mesh.h(75): warning C4244: '=' : conversion from 'float' to 'GLubyte', possible loss of data
e:\8-5new\etc_depot\age_of_cube\cube\cube_native_experiment\sample\mapviewer\componenets\mesh.h(76): warning C4244: '=' : conversion from 'float' to 'GLubyte', possible loss of data
e:\8-5new\etc_depot\age_of_cube\cube\cube_native_experiment\sample\mapviewer\componenets\mesh.h(77): warning C4244: '=' : conversion from 'float' to 'GLubyte', possible loss of data
e:\8-5new\etc_depot\age_of_cube\cube\cube_native_experiment\sample\mapviewer\componenets\mesh.h(78): warning C4244: '=' : conversion from 'float' to 'GLubyte', possible loss of data
e:\8-5new\etc_depot\age_of_cube\cube\cube_native_experiment\sample\mapviewer\game\world.cpp(89): warning C4018: '<' : signed/unsigned mismatch
e:\8-5new\etc_depot\age_of_cube\cube\cube_native_experiment\sample\mapviewer\game\world.cpp(117): warning C4244: 'argument' : conversion from 'float' to 'const int', possible loss of data
e:\8-5new\etc_depot\age_of_cube\cube\cube_native_experiment\sample\mapviewer\game\world.cpp(198): warning C4018: '<' : signed/unsigned mismatch
e:\8-5new\etc_depot\age_of_cube\cube\cube_native_experiment\sample\mapviewer\game\world.cpp(260): warning C4018: '<' : signed/unsigned mismatch
Camera.obj : warning LNK4075: ignoring '/EDITANDCONTINUE' due to '/OPT:LBR' specification
LINK : warning LNK4098: defaultlib 'MSVCRT' conflicts with use of other libs; use /NODEFAULTLIB:library
  MapViewer.vcxproj -> E:\8-5New\ETC_Depot\age_of_cube\cube\Cube_Native_Experiment\build\age_of_cube\solution\Debug\..\..\..\..\..\Cube_Project_New\UnityProject\MapViewer.exe
